==1== Memcheck, a memory error detector
==1== Copyright (C) 2002-2017, and GNU GPL'd, by Julian Seward et al.
==1== Using Valgrind-3.13.0 and LibVEX; rerun with -h for copyright info
==1== Command: objs/nginx
==1== Parent PID: 0
==1== 
==1== Warning: client switching stacks?  SP change: 0x80bcdf0 --> 0xc4200407d8
==1==          to suppress, use: --max-stackframe=842215733736 or greater
==1== Warning: client switching stacks?  SP change: 0xc420040780 --> 0x80bcea0
==1==          to suppress, use: --max-stackframe=842215733472 or greater
==1== Warning: client switching stacks?  SP change: 0x80bcea0 --> 0xc420040780
==1==          to suppress, use: --max-stackframe=842215733472 or greater
==1==          further instances of this message will not be shown.
==1== Thread 2:
==1== Conditional jump or move depends on uninitialised value(s)
==1==    at 0x6C0CA9C: runtime.adjustframe (in /usr/lib/libredirectionio.so)
==1==    by 0x6C16671: runtime.gentraceback (in /usr/lib/libredirectionio.so)
==1==    by 0x6C0D7A1: runtime.copystack (in /usr/lib/libredirectionio.so)
==1==    by 0x6C0DBC2: runtime.newstack (in /usr/lib/libredirectionio.so)
==1==    by 0x6C1ED3D: runtime.morestack (in /usr/lib/libredirectionio.so)
==1== 
==1== Conditional jump or move depends on uninitialised value(s)
==1==    at 0x6C0CAA5: runtime.adjustframe (in /usr/lib/libredirectionio.so)
==1==    by 0x6C16671: runtime.gentraceback (in /usr/lib/libredirectionio.so)
==1==    by 0x6C0D7A1: runtime.copystack (in /usr/lib/libredirectionio.so)
==1==    by 0x6C0DBC2: runtime.newstack (in /usr/lib/libredirectionio.so)
==1==    by 0x6C1ED3D: runtime.morestack (in /usr/lib/libredirectionio.so)
==1== 
==1== 
==1== HEAP SUMMARY:
==1==     in use at exit: 457,233 bytes in 156 blocks
==1==   total heap usage: 5,768 allocs, 5,612 frees, 792,982 bytes allocated
==1== 
==1== Thread 1:
==1== 8 bytes in 1 blocks are definitely lost in loss record 1 of 22
==1==    at 0x4C2FB0F: malloc (in /usr/lib/valgrind/vgpreload_memcheck-amd64-linux.so)
==1==    by 0x15009E: ngx_alloc (ngx_alloc.c:22)
==1==    by 0x12B272: ngx_set_environment (nginx.c:581)
==1==    by 0x15671D: ngx_single_process_cycle (ngx_process_cycle.c:293)
==1==    by 0x12A054: main (nginx.c:379)
==1== 
==1== 288 bytes in 1 blocks are possibly lost in loss record 10 of 22
==1==    at 0x4C31B25: calloc (in /usr/lib/valgrind/vgpreload_memcheck-amd64-linux.so)
==1==    by 0x40134A6: allocate_dtv (dl-tls.c:286)
==1==    by 0x40134A6: _dl_allocate_tls (dl-tls.c:530)
==1==    by 0x5048227: allocate_stack (allocatestack.c:627)
==1==    by 0x5048227: pthread_create@@GLIBC_2.2.5 (pthread_create.c:644)
==1==    by 0x6F5A7F8: _cgo_try_pthread_create (gcc_libinit.c:100)
==1==    by 0x6F5A875: x_cgo_sys_thread_create (gcc_libinit.c:27)
==1==    by 0x6C1E8A6: _rt0_amd64_lib (in /usr/lib/libredirectionio.so)
==1==    by 0x4010732: call_init (dl-init.c:72)
==1==    by 0x4010732: _dl_init (dl-init.c:119)
==1==    by 0x40151FE: dl_open_worker (dl-open.c:522)
==1==    by 0x616F2DE: _dl_catch_exception (dl-error-skeleton.c:196)
==1==    by 0x40147C9: _dl_open (dl-open.c:605)
==1==    by 0x4E3CF95: dlopen_doit (dlopen.c:66)
==1==    by 0x616F2DE: _dl_catch_exception (dl-error-skeleton.c:196)
==1== 
==1== 288 bytes in 1 blocks are possibly lost in loss record 11 of 22
==1==    at 0x4C31B25: calloc (in /usr/lib/valgrind/vgpreload_memcheck-amd64-linux.so)
==1==    by 0x40134A6: allocate_dtv (dl-tls.c:286)
==1==    by 0x40134A6: _dl_allocate_tls (dl-tls.c:530)
==1==    by 0x5048227: allocate_stack (allocatestack.c:627)
==1==    by 0x5048227: pthread_create@@GLIBC_2.2.5 (pthread_create.c:644)
==1==    by 0x6F5A7F8: _cgo_try_pthread_create (gcc_libinit.c:100)
==1==    by 0x6F5A9FE: _cgo_sys_thread_start (gcc_linux_amd64.c:74)
==1==    by 0x6C204C6: runtime.asmcgocall (in /usr/lib/libredirectionio.so)
==1==    by 0x6BFB45E: runtime.newm (in /usr/lib/libredirectionio.so)
==1==    by 0x6C1D857: runtime.main.func1 (in /usr/lib/libredirectionio.so)
==1==    by 0x6C1EC81: runtime.systemstack (in /usr/lib/libredirectionio.so)
==1==    by 0x6BFA29F: ??? (in /usr/lib/libredirectionio.so)
==1== 
==1== 288 bytes in 1 blocks are possibly lost in loss record 12 of 22
==1==    at 0x4C31B25: calloc (in /usr/lib/valgrind/vgpreload_memcheck-amd64-linux.so)
==1==    by 0x40134A6: allocate_dtv (dl-tls.c:286)
==1==    by 0x40134A6: _dl_allocate_tls (dl-tls.c:530)
==1==    by 0x5048227: allocate_stack (allocatestack.c:627)
==1==    by 0x5048227: pthread_create@@GLIBC_2.2.5 (pthread_create.c:644)
==1==    by 0x6F5A7F8: _cgo_try_pthread_create (gcc_libinit.c:100)
==1==    by 0x6F5A9FE: _cgo_sys_thread_start (gcc_linux_amd64.c:74)
==1==    by 0x6C204C6: runtime.asmcgocall (in /usr/lib/libredirectionio.so)
==1==    by 0x6BFB45E: runtime.newm (in /usr/lib/libredirectionio.so)
==1==    by 0x6BFBB09: runtime.startm (in /usr/lib/libredirectionio.so)
==1==    by 0x6BFBF49: runtime.wakep (in /usr/lib/libredirectionio.so)
==1==    by 0x6BFF263: runtime.newproc1 (in /usr/lib/libredirectionio.so)
==1==    by 0x6C1E177: runtime.newproc.func1 (in /usr/lib/libredirectionio.so)
==1==    by 0x6C1EC81: runtime.systemstack (in /usr/lib/libredirectionio.so)
==1== 
==1== 288 bytes in 1 blocks are possibly lost in loss record 13 of 22
==1==    at 0x4C31B25: calloc (in /usr/lib/valgrind/vgpreload_memcheck-amd64-linux.so)
==1==    by 0x40134A6: allocate_dtv (dl-tls.c:286)
==1==    by 0x40134A6: _dl_allocate_tls (dl-tls.c:530)
==1==    by 0x5048227: allocate_stack (allocatestack.c:627)
==1==    by 0x5048227: pthread_create@@GLIBC_2.2.5 (pthread_create.c:644)
==1==    by 0x6F5A7F8: _cgo_try_pthread_create (gcc_libinit.c:100)
==1==    by 0x6F5A9FE: _cgo_sys_thread_start (gcc_linux_amd64.c:74)
==1==    by 0x6C204C6: runtime.asmcgocall (in /usr/lib/libredirectionio.so)
==1==    by 0x6BFB45E: runtime.newm (in /usr/lib/libredirectionio.so)
==1==    by 0x6BFBB09: runtime.startm (in /usr/lib/libredirectionio.so)
==1==    by 0x6BFBC56: runtime.handoffp (in /usr/lib/libredirectionio.so)
==1==    by 0x6BFC074: runtime.stoplockedm (in /usr/lib/libredirectionio.so)
==1==    by 0x6BFD78D: runtime.schedule (in /usr/lib/libredirectionio.so)
==1==    by 0x6BFD92B: runtime.park_m (in /usr/lib/libredirectionio.so)
==1== 
==1== 288 bytes in 1 blocks are possibly lost in loss record 14 of 22
==1==    at 0x4C31B25: calloc (in /usr/lib/valgrind/vgpreload_memcheck-amd64-linux.so)
==1==    by 0x40134A6: allocate_dtv (dl-tls.c:286)
==1==    by 0x40134A6: _dl_allocate_tls (dl-tls.c:530)
==1==    by 0x5048227: allocate_stack (allocatestack.c:627)
==1==    by 0x5048227: pthread_create@@GLIBC_2.2.5 (pthread_create.c:644)
==1==    by 0x6F5A7F8: _cgo_try_pthread_create (gcc_libinit.c:100)
==1==    by 0x6F5A9FE: _cgo_sys_thread_start (gcc_linux_amd64.c:74)
==1==    by 0x6C20487: runtime.asmcgocall (in /usr/lib/libredirectionio.so)
==1==    by 0x80BCE8F: ???
==1==    by 0x6C1E102: runtime.malg.func1 (in /usr/lib/libredirectionio.so)
==1==    by 0x7FFF: ???
==1==    by 0xC420079FFF: ???
==1==    by 0xC420081FFF: ???
==1==    by 0x11F: ???
==1== 
==1== 442,368 (245,760 direct, 196,608 indirect) bytes in 1 blocks are definitely lost in loss record 22 of 22
==1==    at 0x4C2FB0F: malloc (in /usr/lib/valgrind/vgpreload_memcheck-amd64-linux.so)
==1==    by 0x15009E: ngx_alloc (ngx_alloc.c:22)
==1==    by 0x14B6C5: ngx_event_process_init (ngx_event.c:684)
==1==    by 0x156761: ngx_single_process_cycle (ngx_process_cycle.c:300)
==1==    by 0x12A054: main (nginx.c:379)
==1== 
==1== LEAK SUMMARY:
==1==    definitely lost: 245,768 bytes in 2 blocks
==1==    indirectly lost: 196,608 bytes in 2 blocks
==1==      possibly lost: 1,440 bytes in 5 blocks
==1==    still reachable: 13,417 bytes in 147 blocks
==1==         suppressed: 0 bytes in 0 blocks
==1== Reachable blocks (those to which a pointer was found) are not shown.
==1== To see them, rerun with: --leak-check=full --show-leak-kinds=all
==1== 
==1== For counts of detected and suppressed errors, rerun with: -v
==1== Use --track-origins=yes to see where uninitialised values come from
==1== ERROR SUMMARY: 11 errors from 9 contexts (suppressed: 0 from 0)
